#
# A fatal error has been detected by the Java Runtime Environment:
#
#  EXCEPTION_ACCESS_VIOLATION (0xc0000005) at pc=0x077e72fd, pid=5656, tid=5736
#
# JRE version: 6.0_17-b04
# Java VM: Java HotSpot(TM) Client VM (14.3-b01 mixed mode windows-x86 )
# Problematic frame:
# C  0x077e72fd
#
# If you would like to submit a bug report, please visit:
#   http://java.sun.com/webapps/bugreport/crash.jsp
# The crash happened outside the Java Virtual Machine in native code.
# See problematic frame for where to report the bug.
#

---------------  T H R E A D  ---------------

Current thread (0x203e6400):  JavaThread "Image Fetcher 1" daemon [_thread_in_native, id=5736, stack(0x22bb0000,0x22c30000)]

siginfo: ExceptionCode=0xc0000005, reading address 0x0000001c

Registers:
EAX=0x00000000, EBX=0x00000000, ECX=0x0000002a, EDX=0x1f770518
ESP=0x22c2cca8, EBP=0x22c2ccb0, ESI=0x20396c28, EDI=0x203e6400
EIP=0x077e72fd, EFLAGS=0x00010246

Top of Stack: (sp=0x22c2cca8)
0x22c2cca8:   0000002a 0000002a 22c2ed60 077e1c1d
0x22c2ccb8:   20396c28 00000000 00004000 00000000
0x22c2ccc8:   22c2cce0 00000aa1 20396c28 203e6400
0x22c2ccd8:   22c2ed9c 00000000 00000000 00000000
0x22c2cce8:   00000000 00000000 00000000 00000000
0x22c2ccf8:   00000000 00000000 00000000 00000000
0x22c2cd08:   00000000 00000000 00000000 00000000
0x22c2cd18:   00000000 00000000 00000000 77c3f905 

Instructions: (pc=0x077e72fd)
0x077e72ed:   30 8b 56 34 5f 5e c9 c3 55 8b ec 51 51 8b 45 0c
0x077e72fd:   8b 48 1c 53 8b 58 18 8b d3 0b d1 56 57 75 06 8b 


Stack: [0x22bb0000,0x22c30000],  sp=0x22c2cca8,  free space=499k
Native frames: (J=compiled Java code, j=interpreted, Vv=VM code, C=native code)
C  0x077e72fd
C  0x077e1c1d
J  java.util.zip.ZipFile.read(JJJ[BII)I
J  java.util.zip.ZipFile$ZipFileInputStream.read([BII)I
J  java.util.zip.ZipFile$1.fill()V
J  java.util.zip.InflaterInputStream.read([BII)I
j  java.io.FilterInputStream.read([BII)I+7
J  java.io.BufferedInputStream.fill()V
J  java.io.BufferedInputStream.read1([BII)I
J  java.io.BufferedInputStream.read([BII)I
j  sun.awt.image.PNGImageDecoder.fill()V+124
J  sun.awt.image.PNGImageDecoder.need(I)Z
j  sun.awt.image.PNGImageDecoder.getChunk()Z+88
J  sun.awt.image.PNGImageDecoder.getData()Z
j  sun.awt.image.PNGFilterInputStream.read([BII)I+14
j  java.util.zip.InflaterInputStream.fill()V+19
J  java.util.zip.InflaterInputStream.read([BII)I
J  java.io.BufferedInputStream.fill()V
J  java.io.BufferedInputStream.read1([BII)I
J  java.io.BufferedInputStream.read([BII)I
J  sun.awt.image.PNGImageDecoder.produceImage()V
j  sun.awt.image.InputStreamImageSource.doFetch()V+51
j  sun.awt.image.ImageFetcher.fetchloop()V+33
j  sun.awt.image.ImageFetcher.run()V+5
v  ~StubRoutines::call_stub
V  [jvm.dll+0xecf9c]
V  [jvm.dll+0x1741d1]
V  [jvm.dll+0xed167]
V  [jvm.dll+0xed1dd]
V  [jvm.dll+0x116290]
V  [jvm.dll+0x1d0414]
V  [jvm.dll+0x173e4c]
C  [MSVCR71.dll+0x9565]
C  [kernel32.dll+0x1336a]
C  [ntdll.dll+0x39f72]
C  [ntdll.dll+0x39f45]

Java frames: (J=compiled Java code, j=interpreted, Vv=VM code)
J  java.util.zip.ZipFile.read(JJJ[BII)I
J  java.util.zip.ZipFile$ZipFileInputStream.read([BII)I
J  java.util.zip.ZipFile$1.fill()V
J  java.util.zip.InflaterInputStream.read([BII)I
j  java.io.FilterInputStream.read([BII)I+7
J  java.io.BufferedInputStream.fill()V
J  java.io.BufferedInputStream.read1([BII)I
J  java.io.BufferedInputStream.read([BII)I
j  sun.awt.image.PNGImageDecoder.fill()V+124
J  sun.awt.image.PNGImageDecoder.need(I)Z
j  sun.awt.image.PNGImageDecoder.getChunk()Z+88
J  sun.awt.image.PNGImageDecoder.getData()Z
j  sun.awt.image.PNGFilterInputStream.read([BII)I+14
j  java.util.zip.InflaterInputStream.fill()V+19
J  java.util.zip.InflaterInputStream.read([BII)I
J  java.io.BufferedInputStream.fill()V
J  java.io.BufferedInputStream.read1([BII)I
J  java.io.BufferedInputStream.read([BII)I
J  sun.awt.image.PNGImageDecoder.produceImage()V
j  sun.awt.image.InputStreamImageSource.doFetch()V+51
j  sun.awt.image.ImageFetcher.fetchloop()V+33
j  sun.awt.image.ImageFetcher.run()V+5
v  ~StubRoutines::call_stub

---------------  P R O C E S S  ---------------

Java Threads: ( => current thread )
  0x203e4c00 JavaThread "Loader for _view_0" daemon [_thread_blocked, id=1712, stack(0x22cd0000,0x22d50000)]
  0x203e6000 JavaThread "Image Fetcher 3" daemon [_thread_blocked, id=3644, stack(0x22c50000,0x22cd0000)]
  0x203e5800 JavaThread "Image Fetcher 2" daemon [_thread_blocked, id=5868, stack(0x22a00000,0x22a80000)]
=>0x203e6400 JavaThread "Image Fetcher 1" daemon [_thread_in_native, id=5736, stack(0x22bb0000,0x22c30000)]
  0x203e3400 JavaThread "Image Fetcher 0" daemon [_thread_blocked, id=6724, stack(0x22b10000,0x22b90000)]
  0x203e6c00 JavaThread "Thread-470" [_thread_in_native, id=6252, stack(0x21790000,0x21810000)]
  0x203e5400 JavaThread "AddressBar directory emptiness poller" [_thread_blocked, id=3868, stack(0x21cd0000,0x21d50000)]
  0x203e4800 JavaThread "Timer queue for AWT thread" daemon [_thread_blocked, id=4148, stack(0x21d80000,0x21e00000)]
  0x203e3c00 JavaThread "Code Analyzer updating thread" [_thread_blocked, id=6684, stack(0x22960000,0x229e0000)]
  0x1f90e800 JavaThread "Code Analyzer updating thread" [_thread_blocked, id=1508, stack(0x20930000,0x209b0000)]
  0x1f90fc00 JavaThread "Code Analyzer updating thread" [_thread_blocked, id=5300, stack(0x20c90000,0x20d10000)]
  0x1f909400 JavaThread "Code Analyzer updating thread" [_thread_blocked, id=6228, stack(0x20bf0000,0x20c70000)]
  0x1f90f000 JavaThread "Code Analyzer updating thread" [_thread_blocked, id=4112, stack(0x0b2a0000,0x0b320000)]
  0x1f90f400 JavaThread "Code Analyzer updating thread" [_thread_blocked, id=6568, stack(0x21370000,0x213f0000)]
  0x1f90a000 JavaThread "Code Analyzer updating thread" [_thread_blocked, id=3876, stack(0x21400000,0x21480000)]
  0x1f90e400 JavaThread "Code Analyzer updating thread" [_thread_blocked, id=5968, stack(0x215e0000,0x21660000)]
  0x1f90c000 JavaThread "Code Analyzer updating thread" [_thread_blocked, id=2920, stack(0x21240000,0x212c0000)]
  0x1f90d800 JavaThread "Code Analyzer updating thread" [_thread_blocked, id=5820, stack(0x21100000,0x21180000)]
  0x1f90b400 JavaThread "Active Reference Queue Daemon" daemon [_thread_blocked, id=2460, stack(0x25d60000,0x25de0000)]
  0x1f90dc00 JavaThread "Timer-150" daemon [_thread_blocked, id=5516, stack(0x23260000,0x232e0000)]
  0x1f90ac00 JavaThread "Prefs Updater" daemon [_thread_blocked, id=5404, stack(0x0b360000,0x0b3e0000)]
  0x1f90d000 JavaThread "Timer-8" daemon [_thread_blocked, id=868, stack(0x28840000,0x288c0000)]
  0x1f90b800 JavaThread "Explorer NavigationContext request queue" [_thread_blocked, id=4720, stack(0x28430000,0x284b0000)]
  0x1f90a800 JavaThread "AddressBar directory emptiness poller" [_thread_blocked, id=2992, stack(0x25f00000,0x25f80000)]
  0x1f909800 JavaThread "Timer-1" [_thread_blocked, id=3040, stack(0x233c0000,0x23440000)]
  0x1f908c00 JavaThread "TimerQueue" daemon [_thread_blocked, id=5264, stack(0x23cb0000,0x23d30000)]
  0x1f908800 JavaThread "AWT-EventQueue-0" [_thread_blocked, id=5600, stack(0x24160000,0x241e0000)]
  0x1f908000 JavaThread "AWT-Shutdown" [_thread_blocked, id=5452, stack(0x24090000,0x24110000)]
  0x1f7bc400 JavaThread "FelixPackageAdmin" daemon [_thread_blocked, id=2256, stack(0x24000000,0x24080000)]
  0x1f7bbc00 JavaThread "FelixStartLevel" daemon [_thread_blocked, id=5320, stack(0x23e20000,0x23ea0000)]
  0x1f7bb800 JavaThread "FelixDispatchQueue" daemon [_thread_blocked, id=5220, stack(0x23ec0000,0x23f40000)]
  0x1f392c00 JavaThread "com.google.common.base.internal.Finalizer" daemon [_thread_blocked, id=5140, stack(0x23340000,0x233c0000)]
  0x0fceb400 JavaThread "AWT-Windows" daemon [_thread_in_native, id=5816, stack(0x1e0e0000,0x1e160000)]
  0x1f6c1000 JavaThread "Java2D Disposer" daemon [_thread_blocked, id=5984, stack(0x20600000,0x20680000)]
  0x1f1fa800 JavaThread "Timer-0" [_thread_blocked, id=4820, stack(0x06880000,0x06900000)]
  0x1f291000 JavaThread "EventMgr Dispatcher" daemon [_thread_in_native, id=2640, stack(0x07a20000,0x08220000)]
  0x0926d400 JavaThread "Low Memory Detector" daemon [_thread_blocked, id=5544, stack(0x0f420000,0x0f4a0000)]
  0x09269000 JavaThread "CompilerThread0" daemon [_thread_blocked, id=5564, stack(0x0f4d0000,0x0fcd0000)]
  0x0925e400 JavaThread "Attach Listener" daemon [_thread_blocked, id=5552, stack(0x0f2f0000,0x0f370000)]
  0x0922c800 JavaThread "Finalizer" daemon [_thread_blocked, id=4788, stack(0x0f160000,0x0f1e0000)]
  0x0922b400 JavaThread "Reference Handler" daemon [_thread_blocked, id=4760, stack(0x09b70000,0x09bf0000)]
  0x079ff400 JavaThread "main" [_thread_in_native, id=5652, stack(0x00290000,0x00a90000)]

Other Threads:
  0x09228800 VMThread [stack: 0x0e950000,0x0f150000] [id=2704]
  0x09276800 WatcherThread [stack: 0x1e160000,0x1e960000] [id=5568]

VM state:not at safepoint (normal execution)

VM Mutex/Monitor currently owned by a thread: None

Heap
 def new generation   total 27072K, used 26881K [0x10010000, 0x11d60000, 0x12010000)
  eden space 24128K,  99% used [0x10010000, 0x117706f8, 0x117a0000)
  from space 2944K, 100% used [0x11a80000, 0x11d60000, 0x11d60000)
  to   space 2944K,   0% used [0x117a0000, 0x117a0000, 0x11a80000)
 tenured generation   total 89720K, used 62416K [0x12010000, 0x177ae000, 0x18010000)
   the space 89720K,  69% used [0x12010000, 0x15d04060, 0x15d04200, 0x177ae000)
 compacting perm gen  total 45568K, used 45438K [0x18010000, 0x1ac90000, 0x1e010000)
   the space 45568K,  99% used [0x18010000, 0x1ac6fa00, 0x1ac6fa00, 0x1ac90000)
No shared spaces configured.

Dynamic libraries:
0x00f30000 - 0x00f5b000 	C:\MATLAB\bin\win32\MATLAB.exe
0x77c20000 - 0x77da0000 	C:\Windows\SysWOW64\ntdll.dll
0x75cb0000 - 0x75dc0000 	C:\Windows\syswow64\kernel32.dll
0x76ec0000 - 0x76f07000 	C:\Windows\syswow64\KERNELBASE.dll
0x7ef10000 - 0x7efc0000 	C:\MATLAB\bin\win32\libut.dll
0x7dce0000 - 0x7dd54000 	C:\MATLAB\bin\win32\libmwi18n.dll
0x10000000 - 0x10009000 	C:\MATLAB\bin\win32\libmwresource_core.dll
0x73990000 - 0x73a1e000 	C:\Windows\WinSxS\x86_microsoft.vc90.crt_1fc8b3b9a1e18e3b_9.0.30729.4940_none_50916076bcb9a742\MSVCP90.dll
0x738e0000 - 0x73983000 	C:\Windows\WinSxS\x86_microsoft.vc90.crt_1fc8b3b9a1e18e3b_9.0.30729.4940_none_50916076bcb9a742\MSVCR90.dll
0x736b0000 - 0x736d3000 	C:\MATLAB\bin\win32\boost_filesystem-vc90-mt-1_44.dll
0x73f70000 - 0x73f77000 	C:\MATLAB\bin\win32\boost_system-vc90-mt-1_44.dll
0x771c0000 - 0x77260000 	C:\Windows\syswow64\ADVAPI32.dll
0x76f70000 - 0x7701c000 	C:\Windows\syswow64\msvcrt.dll
0x76e00000 - 0x76e19000 	C:\Windows\SysWOW64\sechost.dll
0x77480000 - 0x77570000 	C:\Windows\syswow64\RPCRT4.dll
0x75670000 - 0x756d0000 	C:\Windows\syswow64\SspiCli.dll
0x75660000 - 0x7566c000 	C:\Windows\syswow64\CRYPTBASE.dll
0x73550000 - 0x7356f000 	C:\MATLAB\bin\win32\LIBEXPAT.dll
0x72eb0000 - 0x73035000 	C:\MATLAB\bin\win32\icuin44.dll
0x7ea10000 - 0x7eb2f000 	C:\MATLAB\bin\win32\icuuc44.dll
0x01200000 - 0x02041000 	C:\MATLAB\bin\win32\icudt44.dll
0x00190000 - 0x00267000 	C:\MATLAB\bin\win32\libmwfl.dll
0x73cd0000 - 0x73f3b000 	C:\MATLAB\bin\win32\libmwMATLAB_res.dll
0x00a90000 - 0x00a9e000 	C:\MATLAB\bin\win32\boost_date_time-vc90-mt-1_44.dll
0x73c80000 - 0x73c8f000 	C:\MATLAB\bin\win32\boost_signals-vc90-mt-1_44.dll
0x00ac0000 - 0x00ace000 	C:\MATLAB\bin\win32\boost_thread-vc90-mt-1_44.dll
0x77450000 - 0x7747a000 	C:\Windows\syswow64\imagehlp.dll
0x77020000 - 0x77025000 	C:\Windows\syswow64\PSAPI.DLL
0x00ae0000 - 0x00aef000 	C:\MATLAB\bin\win32\icuio44.dll
0x72d00000 - 0x72deb000 	C:\Windows\system32\dbghelp.dll
0x77030000 - 0x77130000 	C:\Windows\syswow64\USER32.dll
0x75f80000 - 0x76010000 	C:\Windows\syswow64\GDI32.dll
0x759f0000 - 0x759fa000 	C:\Windows\syswow64\LPK.dll
0x75a00000 - 0x75a9d000 	C:\Windows\syswow64\USP10.dll
0x00cb0000 - 0x00eb6000 	C:\MATLAB\bin\win32\libmwservices.dll
0x7db50000 - 0x7dbda000 	C:\MATLAB\bin\win32\libmx.dll
0x73730000 - 0x73744000 	C:\MATLAB\bin\win32\zlib1.dll
0x00b30000 - 0x00b49000 	C:\MATLAB\bin\win32\libmwmfl_scalar.dll
0x7df40000 - 0x7df76000 	C:\MATLAB\bin\win32\mpath.dll
0x02050000 - 0x023e6000 	C:\MATLAB\bin\win32\mlutil.dll
0x00b80000 - 0x00bdc000 	C:\MATLAB\bin\win32\xmlcore.dll
0x71cf0000 - 0x71ea2000 	C:\MATLAB\bin\win32\xerces-c_2_7.dll
0x77780000 - 0x777b5000 	C:\Windows\syswow64\WS2_32.dll
0x75aa0000 - 0x75aa6000 	C:\Windows\syswow64\NSI.dll
0x00c00000 - 0x00c15000 	C:\MATLAB\bin\win32\libmwMATLAB_settings_res.dll
0x00ec0000 - 0x00ef9000 	C:\MATLAB\bin\win32\boost_serialization-vc90-mt-1_44.dll
0x00f60000 - 0x00f93000 	C:\MATLAB\bin\win32\tbb.dll
0x76140000 - 0x76d8a000 	C:\Windows\syswow64\SHELL32.dll
0x76da0000 - 0x76df7000 	C:\Windows\syswow64\SHLWAPI.dll
0x714a0000 - 0x71524000 	C:\Windows\WinSxS\x86_microsoft.windows.common-controls_6595b64144ccf1df_5.82.7601.17514_none_ec83dffa859149af\COMCTL32.dll
0x760c0000 - 0x7613b000 	C:\Windows\syswow64\COMDLG32.dll
0x73790000 - 0x737a1000 	C:\Windows\system32\NETAPI32.dll
0x73780000 - 0x73789000 	C:\Windows\system32\netutils.dll
0x73760000 - 0x73779000 	C:\Windows\system32\srvcli.dll
0x73750000 - 0x7375f000 	C:\Windows\system32\wkscli.dll
0x756d0000 - 0x7582c000 	C:\Windows\syswow64\ole32.dll
0x77130000 - 0x771bf000 	C:\Windows\syswow64\OLEAUT32.dll
0x00fa0000 - 0x010c6000 	C:\MATLAB\bin\win32\mcr.dll
0x7d4b0000 - 0x7d74f000 	C:\MATLAB\bin\win32\iqm.dll
0x023f0000 - 0x028fd000 	C:\MATLAB\bin\win32\m_interpreter.dll
0x743b0000 - 0x743cc000 	C:\MATLAB\bin\win32\libmex.dll
0x02900000 - 0x0297a000 	C:\MATLAB\bin\win32\m_dispatcher.dll
0x02990000 - 0x02a4c000 	C:\MATLAB\bin\win32\boost_regex-vc90-mt-1_44.dll
0x02a60000 - 0x02abc000 	C:\MATLAB\bin\win32\profiler.dll
0x02ad0000 - 0x02cea000 	C:\MATLAB\bin\win32\libmwmathutil.dll
0x734f0000 - 0x73513000 	C:\MATLAB\bin\win32\libmwmathrng.dll
0x7c390000 - 0x7c427000 	C:\MATLAB\bin\win32\libmwmathcore.dll
0x7e000000 - 0x7e04b000 	C:\MATLAB\bin\win32\libmwspmatrix.dll
0x7dbf0000 - 0x7dc3b000 	C:\MATLAB\bin\win32\libmwcholmod.dll
0x02d40000 - 0x02d4a000 	C:\MATLAB\bin\win32\libmwamd.dll
0x02d60000 - 0x02d6a000 	C:\MATLAB\bin\win32\libmwcolamd.dll
0x74320000 - 0x74331000 	C:\MATLAB\bin\win32\libmwblas.dll
0x749d0000 - 0x749de000 	C:\MATLAB\bin\win32\libmwbinder.dll
0x74450000 - 0x74459000 	C:\MATLAB\bin\win32\libmwompwrapper.dll
0x02db0000 - 0x02dea000 	C:\MATLAB\bin\win32\libmwlapack.dll
0x701d0000 - 0x701e5000 	C:\MATLAB\bin\win32\m_pcodeio.dll
0x7e080000 - 0x7e0ca000 	C:\MATLAB\bin\win32\m_ir.dll
0x02e20000 - 0x03359000 	C:\MATLAB\bin\win32\m_parser.dll
0x03370000 - 0x03382000 	C:\MATLAB\bin\win32\ir_xfmr.dll
0x033a0000 - 0x03537000 	C:\MATLAB\bin\win32\mcos.dll
0x74310000 - 0x7431a000 	C:\MATLAB\bin\win32\mtok.dll
0x03560000 - 0x03584000 	C:\MATLAB\bin\win32\m_pcodegen.dll
0x7e1c0000 - 0x7e1ea000 	C:\MATLAB\bin\win32\libmwbridge.dll
0x035b0000 - 0x03642000 	C:\MATLAB\bin\win32\udd.dll
0x03660000 - 0x0376d000 	C:\MATLAB\bin\win32\libmwgui.dll
0x03780000 - 0x03792000 	C:\MATLAB\bin\win32\graphics_util.dll
0x037b0000 - 0x03dec000 	C:\MATLAB\bin\win32\hg.dll
0x03e00000 - 0x03e42000 	C:\MATLAB\bin\win32\libmat.dll
0x03e60000 - 0x04045000 	C:\MATLAB\bin\win32\hdf5dll.dll
0x7d9d0000 - 0x7da51000 	C:\MATLAB\bin\win32\jmi.dll
0x04070000 - 0x0407b000 	C:\MATLAB\bin\win32\nativejava_services.dll
0x04090000 - 0x040c2000 	C:\MATLAB\bin\win32\libmwhardcopy.dll
0x040e0000 - 0x0411f000 	C:\MATLAB\bin\win32\libuij.dll
0x04130000 - 0x04286000 	C:\MATLAB\bin\win32\hgdatatypes.dll
0x042a0000 - 0x04345000 	C:\MATLAB\bin\win32\hgutils.dll
0x04360000 - 0x043e6000 	C:\MATLAB\bin\win32\udd_mi.dll
0x04400000 - 0x0442f000 	C:\MATLAB\bin\win32\libmwgbtutils.dll
0x04440000 - 0x04453000 	C:\MATLAB\bin\win32\libmwgbt.dll
0x74dc0000 - 0x75057000 	C:\MATLAB\bin\win32\uiw.dll
0x73890000 - 0x7389d000 	C:\MATLAB\bin\win32\uinone.dll
0x75630000 - 0x75642000 	C:\Windows\system32\MPR.dll
0x04490000 - 0x0482c000 	C:\Windows\WinSxS\x86_microsoft.vc90.mfc_1fc8b3b9a1e18e3b_9.0.30729.4148_none_4bf5400abf9d60b7\mfc90.dll
0x72420000 - 0x72425000 	C:\Windows\system32\MSIMG32.dll
0x71620000 - 0x71671000 	C:\Windows\system32\WINSPOOL.DRV
0x04830000 - 0x04848000 	C:\MATLAB\bin\win32\mwoles05.DLL
0x04860000 - 0x048b4000 	C:\MATLAB\bin\win32\comcli.dll
0x048d0000 - 0x048fb000 	C:\Windows\WinSxS\x86_microsoft.vc90.atl_1fc8b3b9a1e18e3b_9.0.30729.4148_none_51ca66a2bbe76806\ATL90.DLL
0x701a0000 - 0x701a9000 	C:\MATLAB\bin\win32\mlautoregister.dll
0x04910000 - 0x0491d000 	C:\MATLAB\bin\win32\boost_iostreams-vc90-mt-1_44.dll
0x777c0000 - 0x77820000 	C:\Windows\system32\IMM32.DLL
0x77380000 - 0x7744c000 	C:\Windows\syswow64\MSCTF.dll
0x738c0000 - 0x738e0000 	C:\PROGRA~3\VKSaver\vksaver3.dll
0x72140000 - 0x721c0000 	C:\Windows\system32\UxTheme.dll
0x75090000 - 0x750a3000 	C:\Windows\system32\dwmapi.dll
0x70170000 - 0x7017e000 	C:\Windows\WinSxS\x86_microsoft.vc90.mfcloc_1fc8b3b9a1e18e3b_9.0.30729.4148_none_4973eb1d754a9dc9\MFC90RUS.DLL
0x04bc0000 - 0x04bdd000 	C:\MATLAB\bin\win32\tbbmalloc.dll
0x06dc0000 - 0x06e11000 	C:\Program Files (x86)\Mail.Ru\Guard\GuardMailRu.dll
0x74440000 - 0x74447000 	c:\PROGRA~2\mcafee\SITEAD~1\saHook.dll
0x74b30000 - 0x74dbb000 	C:\MATLAB\sys\java\jre\win32\jre\bin\client\jvm.dll
0x06d60000 - 0x06d92000 	C:\Windows\system32\WINMM.dll
0x7d910000 - 0x7d966000 	C:\MATLAB\bin\win32\MSVCR71.dll
0x72720000 - 0x7276c000 	C:\Windows\system32\apphelp.dll
0x73360000 - 0x7336b000 	C:\Windows\system32\profapi.dll
0x737c0000 - 0x737dc000 	C:\Windows\system32\iphlpapi.dll
0x737b0000 - 0x737b7000 	C:\Windows\system32\WINNSI.DLL
0x72600000 - 0x72644000 	C:\Windows\system32\DNSAPI.dll
0x744f0000 - 0x74502000 	C:\Windows\system32\dhcpcsvc.DLL
0x74630000 - 0x7463d000 	C:\Windows\system32\dhcpcsvc6.DLL

VM Arguments:
jvm_args: -Xss512k -XX:PermSize=32m -Xms64m -XX:NewRatio=3 -XX:MaxPermSize=96m -Xmx128m -XX:MaxDirectMemorySize=1200000000 -Dsun.java2d.noddraw=true -Dsun.awt.nopixfmt=true -Xshare:off -Xrs -Dsun.awt.disableMixing=true -Djava.library.path=C:\MATLAB\bin\win32 vfprintf abort 
java_command: <unknown>
Launcher Type: generic

Environment Variables:
CLASSPATH=.;C:\Program Files (x86)\Java\jre6\lib\ext\QTJava.zip
PATH=C:\Program Files (x86)\PC Connectivity Solution\;C:\Program Files (x86)\NVIDIA Corporation\PhysX\Common;C:\Program Files\Common Files\Microsoft Shared\Windows Live;C:\Program Files (x86)\Common Files\Microsoft Shared\Windows Live;C:\Windows\system32;C:\Windows;C:\Windows\System32\Wbem;C:\Windows\System32\WindowsPowerShell\v1.0\;C:\Program Files\WIDCOMM\Bluetooth Software\;C:\Program Files\WIDCOMM\Bluetooth Software\syswow64;c:\Program Files (x86)\ATI Technologies\ATI.ACE\Core-Static\;C:\Program Files (x86)\Sony\VAIO Startup Setting Tool;C:\Program Files (x86)\Windows Live\Shared;C:\Program Files\MATLAB\MATLAB Production Server\R2012b\runtime\win64;C:\Program Files\MATLAB\MATLAB Production Server\R2012b\bin;C:\Program Files\MiKTeX 2.9\miktex\bin\x64\;C:\Program Files (x86)\QuickTime\QTSystem\;C:\Program Files\TortoiseSVN\bin;C:\MATLAB\runtime\win32;C:\MATLAB\bin
USERNAME=Егор
OS=Windows_NT
PROCESSOR_IDENTIFIER=Intel64 Family 6 Model 42 Stepping 7, GenuineIntel



---------------  S Y S T E M  ---------------

OS: Windows 7 Build 7601 Service Pack 1

CPU:total 4 (8 cores per cpu, 2 threads per core) family 6 model 42 stepping 7, cmov, cx8, fxsr, mmx, sse, sse2, sse3, ssse3, sse4.1, sse4.2, ht

Memory: 4k page, physical 4175136k(2210244k free), swap 4194303k(4194303k free)

vm_info: Java HotSpot(TM) Client VM (14.3-b01) for windows-x86 JRE (1.6.0_17-b04), built on Oct 11 2009 00:52:06 by "java_re" with MS VC++ 7.1

time: Fri Oct 04 11:51:17 2013
elapsed time: 2331 seconds

