\BOOKMARK [0][-]{chapter.1}{Introduction}{}% 1
\BOOKMARK [0][-]{chapter.2}{Ellipsoidal Calculus}{}% 2
\BOOKMARK [1][-]{section.2.1}{Basic Notions}{chapter.2}% 3
\BOOKMARK [1][-]{section.2.2}{Operations with Ellipsoids}{chapter.2}% 4
\BOOKMARK [0][-]{chapter.3}{Reachability}{}% 5
\BOOKMARK [1][-]{section.3.1}{Basics of Reachability Analysis}{chapter.3}% 6
\BOOKMARK [1][-]{section.3.2}{Ellipsoidal Method}{chapter.3}% 7
\BOOKMARK [0][-]{chapter.4}{Installation}{}% 8
\BOOKMARK [1][-]{section.4.1}{Additional Software}{chapter.4}% 9
\BOOKMARK [1][-]{section.4.2}{Installation and Quick Start}{chapter.4}% 10
\BOOKMARK [0][-]{chapter.5}{Implementation}{}% 11
\BOOKMARK [1][-]{section.5.1}{Operations with ellipsoids}{chapter.5}% 12
\BOOKMARK [1][-]{section.5.2}{Operations with hyperplanes}{chapter.5}% 13
\BOOKMARK [1][-]{section.5.3}{Operations with ellipsoidal tubes}{chapter.5}% 14
\BOOKMARK [1][-]{section.5.4}{Reachability}{chapter.5}% 15
\BOOKMARK [1][-]{section.5.5}{Properties}{chapter.5}% 16
\BOOKMARK [1][-]{section.5.6}{Visualization}{chapter.5}% 17
\BOOKMARK [0][-]{chapter.6}{Examples}{}% 18
\BOOKMARK [1][-]{section.6.1}{Ellipsoids vs. Polytopes}{chapter.6}% 19
\BOOKMARK [1][-]{section.6.2}{System with Disturbance}{chapter.6}% 20
\BOOKMARK [1][-]{section.6.3}{Switched System}{chapter.6}% 21
\BOOKMARK [1][-]{section.6.4}{Hybrid System}{chapter.6}% 22
\BOOKMARK [0][-]{chapter.7}{Ellipsoid tubes and touching curves}{}% 23
\BOOKMARK [1][-]{section.7.1}{Touching curves}{chapter.7}% 24
\BOOKMARK [1][-]{section.7.2}{Ellipsoidal tubes}{chapter.7}% 25
\BOOKMARK [1][-]{section.7.3}{Unions of ellipsoidal tubes}{chapter.7}% 26
\BOOKMARK [1][-]{section.7.4}{TypifiedByFieldCodeRel class}{chapter.7}% 27
\BOOKMARK [0][-]{chapter.8}{Summary and Outlook}{}% 28
\BOOKMARK [0][-]{chapter.9}{Acknowledgement}{}% 29
\BOOKMARK [0][-]{chapter.10}{Function Reference}{}% 30
\BOOKMARK [1][-]{section.10.1}{ellipsoid}{chapter.10}% 31
\BOOKMARK [1][-]{section.10.2}{hyperplane}{chapter.10}% 32
\BOOKMARK [1][-]{section.10.3}{elltool.conf.Properties}{chapter.10}% 33
\BOOKMARK [1][-]{section.10.4}{elltool.core.GenEllipsoid}{chapter.10}% 34
\BOOKMARK [1][-]{section.10.5}{smartdb.relations.ATypifiedStaticRelation}{chapter.10}% 35
\BOOKMARK [1][-]{section.10.6}{gras.ellapx.smartdb.rels.EllTube}{chapter.10}% 36
\BOOKMARK [1][-]{section.10.7}{gras.ellapx.smartdb.rels.EllTubeProj}{chapter.10}% 37
\BOOKMARK [1][-]{section.10.8}{gras.ellapx.smartdb.rels.EllUnionTube}{chapter.10}% 38
\BOOKMARK [1][-]{section.10.9}{gras.ellapx.smartdb.rels.EllUnionTubeStaticProj}{chapter.10}% 39
\BOOKMARK [1][-]{section.10.10}{elltool.reach.AReach}{chapter.10}% 40
\BOOKMARK [1][-]{section.10.11}{elltool.reach.ReachContinuous}{chapter.10}% 41
\BOOKMARK [1][-]{section.10.12}{elltool.reach.ReachDiscrete}{chapter.10}% 42
\BOOKMARK [1][-]{section.10.13}{elltool.reach.ReachFactory}{chapter.10}% 43
\BOOKMARK [1][-]{section.10.14}{elltool.linsys.ALinSys}{chapter.10}% 44
\BOOKMARK [1][-]{section.10.15}{elltool.linsys.LinSysContinuous}{chapter.10}% 45
\BOOKMARK [1][-]{section.10.16}{elltool.linsys.LinSysDiscrete}{chapter.10}% 46
\BOOKMARK [1][-]{section.10.17}{elltool.linsys.LinSysFactory}{chapter.10}% 47
\BOOKMARK [0][-]{chapter*.153}{Bibliography}{}% 48
